<?xml version="1.0" encoding="UTF-8"?>
<testng-results skipped="0" failed="0" ignored="0" total="1" passed="1">
  <reporter-output>
  </reporter-output>
  <suite name="Default suite" duration-ms="84011" started-at="2021-09-14T05:43:34Z" finished-at="2021-09-14T05:44:58Z">
    <groups>
    </groups>
    <test name="Default test" duration-ms="84011" started-at="2021-09-14T05:43:34Z" finished-at="2021-09-14T05:44:58Z">
      <class name="testJavaFiles.TestRun">
        <test-method status="PASS" signature="firstSetUp()[pri:0, instance:testJavaFiles.TestRun@17fd0e6]" name="firstSetUp" is-config="true" duration-ms="5520" started-at="2021-09-14T05:43:34Z" finished-at="2021-09-14T05:43:40Z">
          <reporter-output>
          </reporter-output>
        </test-method> <!-- firstSetUp -->
        <test-method status="PASS" signature="verifyPageTitle()[pri:0, instance:testJavaFiles.TestRun@17fd0e6]" name="verifyPageTitle" duration-ms="77723" started-at="2021-09-14T05:43:40Z" finished-at="2021-09-14T05:44:58Z">
          <reporter-output>
          </reporter-output>
        </test-method> <!-- verifyPageTitle -->
        <test-method status="PASS" signature="destroy()[pri:0, instance:testJavaFiles.TestRun@17fd0e6]" name="destroy" is-config="true" duration-ms="736" started-at="2021-09-14T05:44:58Z" finished-at="2021-09-14T05:44:58Z">
          <reporter-output>
          </reporter-output>
        </test-method> <!-- destroy -->
      </class> <!-- testJavaFiles.TestRun -->
    </test> <!-- Default test -->
  </suite> <!-- Default suite -->
</testng-results>
